<?xml version="1.0" encoding="UTF-8"?>
<!-- Generated by org.testng.reporters.JUnitReportReporter -->
<testsuite skipped="0" hostname="DESKTOP-8SUO2MV" name="testcases.FirestTestcase" tests="1" failures="0" timestamp="2023-05-22T12:13:41 IST" time="5.554" errors="0">
  <testcase name="loginTest" time="5.554" classname="testcases.FirestTestcase"/>
  <system-out/>
</testsuite> <!-- testcases.FirestTestcase -->
