<?xml version="1.0" encoding="UTF-8"?>
<!-- Generated by org.testng.reporters.JUnitReportReporter -->
<testsuite skipped="0" hostname="DESKTOP-8SUO2MV" name="testcases.LoginPageTest" tests="1" failures="0" timestamp="2023-07-28T10:46:44 IST" time="13.367" errors="0">
  <testcase name="verify" time="13.367" classname="testcases.LoginPageTest"/>
  <system-out/>
</testsuite> <!-- testcases.LoginPageTest -->
