<?xml version="1.0" encoding="UTF-8"?>
<!-- Generated by org.testng.reporters.JUnitReportReporter -->
<testsuite skipped="1" hostname="DESKTOP-8SUO2MV" name="testcases.HomePageTestClass" tests="2" failures="0" timestamp="2023-05-22T17:48:21 IST" time="0.006" errors="1">
  <testcase name="verifyLogo" time="0.000" classname="testcases.HomePageTestClass">
    <skipped/>
  </testcase> <!-- verifyLogo -->
  <system-out/>
  <testcase name="setup" time="0.006" classname="testcases.HomePageTestClass">
    <error type="java.lang.StackOverflowError">
      <![CDATA[java.lang.StackOverflowError
at testcases.HomePageTestClass.setup(HomePageTestClass.java:21)
at testcases.HomePageTestClass.setup(HomePageTestClass.java:21)
at testcases.HomePageTestClass.setup(HomePageTestClass.java:21)
at testcases.HomePageTestClass.setup(HomePageTestClass.java:21)
at testcases.HomePageTestClass.setup(HomePageTestClass.java:21)
at testcases.HomePageTestClass.setup(HomePageTestClass.java:21)
at testcases.HomePageTestClass.setup(HomePageTestClass.java:21)
at testcases.HomePageTestClass.setup(HomePageTestClass.java:21)
at testcases.HomePageTestClass.setup(HomePageTestClass.java:21)
at testcases.HomePageTestClass.setup(HomePageTestClass.java:21)
at testcases.HomePageTestClass.setup(HomePageTestClass.java:21)
at testcases.HomePageTestClass.setup(HomePageTestClass.java:21)
at testcases.HomePageTestClass.setup(HomePageTestClass.java:21)
at testcases.HomePageTestClass.setup(HomePageTestClass.java:21)
at testcases.HomePageTestClass.setup(HomePageTestClass.java:21)
at testcases.HomePageTestClass.setup(HomePageTestClass.java:21)
at testcases.HomePageTestClass.setup(HomePageTestClass.java:21)
at testcases.HomePageTestClass.setup(HomePageTestClass.java:21)
at testcases.HomePageTestClass.setup(HomePageTestClass.java:21)
at testcases.HomePageTestClass.setup(HomePageTestClass.java:21)
at testcases.HomePageTestClass.setup(HomePageTestClass.java:21)
at testcases.HomePageTestClass.setup(HomePageTestClass.java:21)
at testcases.HomePageTestClass.setup(HomePageTestClass.java:21)
at testcases.HomePageTestClass.setup(HomePageTestClass.java:21)
at testcases.HomePageTestClass.setup(HomePageTestClass.java:21)
at testcases.HomePageTestClass.setup(HomePageTestClass.java:21)
at testcases.HomePageTestClass.setup(HomePageTestClass.java:21)
at testcases.HomePageTestClass.setup(HomePageTestClass.java:21)
at testcases.HomePageTestClass.setup(HomePageTestClass.java:21)
at testcases.HomePageTestClass.setup(HomePageTestClass.java:21)
at testcases.HomePageTestClass.setup(HomePageTestClass.java:21)
at testcases.HomePageTestClass.setup(HomePageTestClass.java:21)
at testcases.HomePageTestClass.setup(HomePageTestClass.java:21)
at testcases.HomePageTestClass.setup(HomePageTestClass.java:21)
at testcases.HomePageTestClass.setup(HomePageTestClass.java:21)
at testcases.HomePageTestClass.setup(HomePageTestClass.java:21)
at testcases.HomePageTestClass.setup(HomePageTestClass.java:21)
at testcases.HomePageTestClass.setup(HomePageTestClass.java:21)
at testcases.HomePageTestClass.setup(HomePageTestClass.java:21)
at testcases.HomePageTestClass.setup(HomePageTestClass.java:21)
at testcases.HomePageTestClass.setup(HomePageTestClass.java:21)
at testcases.HomePageTestClass.setup(HomePageTestClass.java:21)
at testcases.HomePageTestClass.setup(HomePageTestClass.java:21)
at testcases.HomePageTestClass.setup(HomePageTestClass.java:21)
at testcases.HomePageTestClass.setup(HomePageTestClass.java:21)
at testcases.HomePageTestClass.setup(HomePageTestClass.java:21)
at testcases.HomePageTestClass.setup(HomePageTestClass.java:21)
at testcases.HomePageTestClass.setup(HomePageTestClass.java:21)
at testcases.HomePageTestClass.setup(HomePageTestClass.java:21)
at testcases.HomePageTestClass.setup(HomePageTestClass.java:21)
at testcases.HomePageTestClass.setup(HomePageTestClass.java:21)
at testcases.HomePageTestClass.setup(HomePageTestClass.java:21)
at testcases.HomePageTestClass.setup(HomePageTestClass.java:21)
at testcases.HomePageTestClass.setup(HomePageTestClass.java:21)
at testcases.HomePageTestClass.setup(HomePageTestClass.java:21)
at testcases.HomePageTestClass.setup(HomePageTestClass.java:21)
at testcases.HomePageTestClass.setup(HomePageTestClass.java:21)
at testcases.HomePageTestClass.setup(HomePageTestClass.java:21)
at testcases.HomePageTestClass.setup(HomePageTestClass.java:21)
at testcases.HomePageTestClass.setup(HomePageTestClass.java:21)
at testcases.HomePageTestClass.setup(HomePageTestClass.java:21)
at testcases.HomePageTestClass.setup(HomePageTestClass.java:21)
at testcases.HomePageTestClass.setup(HomePageTestClass.java:21)
at testcases.HomePageTestClass.setup(HomePageTestClass.java:21)
at testcases.HomePageTestClass.setup(HomePageTestClass.java:21)
at testcases.HomePageTestClass.setup(HomePageTestClass.java:21)
at testcases.HomePageTestClass.setup(HomePageTestClass.java:21)
at testcases.HomePageTestClass.setup(HomePageTestClass.java:21)
at testcases.HomePageTestClass.setup(HomePageTestClass.java:21)
at testcases.HomePageTestClass.setup(HomePageTestClass.java:21)
at testcases.HomePageTestClass.setup(HomePageTestClass.java:21)
at testcases.HomePageTestClass.setup(HomePageTestClass.java:21)
at testcases.HomePageTestClass.setup(HomePageTestClass.java:21)
at testcases.HomePageTestClass.setup(HomePageTestClass.java:21)
at testcases.HomePageTestClass.setup(HomePageTestClass.java:21)
at testcases.HomePageTestClass.setup(HomePageTestClass.java:21)
at testcases.HomePageTestClass.setup(HomePageTestClass.java:21)
at testcases.HomePageTestClass.setup(HomePageTestClass.java:21)
at testcases.HomePageTestClass.setup(HomePageTestClass.java:21)
at testcases.HomePageTestClass.setup(HomePageTestClass.java:21)
at testcases.HomePageTestClass.setup(HomePageTestClass.java:21)
at testcases.HomePageTestClass.setup(HomePageTestClass.java:21)
at testcases.HomePageTestClass.setup(HomePageTestClass.java:21)
at testcases.HomePageTestClass.setup(HomePageTestClass.java:21)
at testcases.HomePageTestClass.setup(HomePageTestClass.java:21)
at testcases.HomePageTestClass.setup(HomePageTestClass.java:21)
at testcases.HomePageTestClass.setup(HomePageTestClass.java:21)
at testcases.HomePageTestClass.setup(HomePageTestClass.java:21)
at testcases.HomePageTestClass.setup(HomePageTestClass.java:21)
at testcases.HomePageTestClass.setup(HomePageTestClass.java:21)
at testcases.HomePageTestClass.setup(HomePageTestClass.java:21)
at testcases.HomePageTestClass.setup(HomePageTestClass.java:21)
at testcases.HomePageTestClass.setup(HomePageTestClass.java:21)
at testcases.HomePageTestClass.setup(HomePageTestClass.java:21)
at testcases.HomePageTestClass.setup(HomePageTestClass.java:21)
at testcases.HomePageTestClass.setup(HomePageTestClass.java:21)
at testcases.HomePageTestClass.setup(HomePageTestClass.java:21)
at testcases.HomePageTestClass.setup(HomePageTestClass.java:21)
at testcases.HomePageTestClass.setup(HomePageTestClass.java:21)
at testcases.HomePageTestClass.setup(HomePageTestClass.java:21)
at testcases.HomePageTestClass.setup(HomePageTestClass.java:21)
at testcases.HomePageTestClass.setup(HomePageTestClass.java:21)
at testcases.HomePageTestClass.setup(HomePageTestClass.java:21)
at testcases.HomePageTestClass.setup(HomePageTestClass.java:21)
at testcases.HomePageTestClass.setup(HomePageTestClass.java:21)
at testcases.HomePageTestClass.setup(HomePageTestClass.java:21)
at testcases.HomePageTestClass.setup(HomePageTestClass.java:21)
at testcases.HomePageTestClass.setup(HomePageTestClass.java:21)
at testcases.HomePageTestClass.setup(HomePageTestClass.java:21)
at testcases.HomePageTestClass.setup(HomePageTestClass.java:21)
at testcases.HomePageTestClass.setup(HomePageTestClass.java:21)
at testcases.HomePageTestClass.setup(HomePageTestClass.java:21)
at testcases.HomePageTestClass.setup(HomePageTestClass.java:21)
at testcases.HomePageTestClass.setup(HomePageTestClass.java:21)
at testcases.HomePageTestClass.setup(HomePageTestClass.java:21)
at testcases.HomePageTestClass.setup(HomePageTestClass.java:21)
at testcases.HomePageTestClass.setup(HomePageTestClass.java:21)
at testcases.HomePageTestClass.setup(HomePageTestClass.java:21)
at testcases.HomePageTestClass.setup(HomePageTestClass.java:21)
at testcases.HomePageTestClass.setup(HomePageTestClass.java:21)
at testcases.HomePageTestClass.setup(HomePageTestClass.java:21)
at testcases.HomePageTestClass.setup(HomePageTestClass.java:21)
at testcases.HomePageTestClass.setup(HomePageTestClass.java:21)
at testcases.HomePageTestClass.setup(HomePageTestClass.java:21)
at testcases.HomePageTestClass.setup(HomePageTestClass.java:21)
at testcases.HomePageTestClass.setup(HomePageTestClass.java:21)
at testcases.HomePageTestClass.setup(HomePageTestClass.java:21)
at testcases.HomePageTestClass.setup(HomePageTestClass.java:21)
at testcases.HomePageTestClass.setup(HomePageTestClass.java:21)
at testcases.HomePageTestClass.setup(HomePageTestClass.java:21)
at testcases.HomePageTestClass.setup(HomePageTestClass.java:21)
at testcases.HomePageTestClass.setup(HomePageTestClass.java:21)
at testcases.HomePageTestClass.setup(HomePageTestClass.java:21)
at testcases.HomePageTestClass.setup(HomePageTestClass.java:21)
at testcases.HomePageTestClass.setup(HomePageTestClass.java:21)
at testcases.HomePageTestClass.setup(HomePageTestClass.java:21)
at testcases.HomePageTestClass.setup(HomePageTestClass.java:21)
at testcases.HomePageTestClass.setup(HomePageTestClass.java:21)
at testcases.HomePageTestClass.setup(HomePageTestClass.java:21)
at testcases.HomePageTestClass.setup(HomePageTestClass.java:21)
at testcases.HomePageTestClass.setup(HomePageTestClass.java:21)
at testcases.HomePageTestClass.setup(HomePageTestClass.java:21)
at testcases.HomePageTestClass.setup(HomePageTestClass.java:21)
at testcases.HomePageTestClass.setup(HomePageTestClass.java:21)
at testcases.HomePageTestClass.setup(HomePageTestClass.java:21)
at testcases.HomePageTestClass.setup(HomePageTestClass.java:21)
at testcases.HomePageTestClass.setup(HomePageTestClass.java:21)
at testcases.HomePageTestClass.setup(HomePageTestClass.java:21)
at testcases.HomePageTestClass.setup(HomePageTestClass.java:21)
at testcases.HomePageTestClass.setup(HomePageTestClass.java:21)
at testcases.HomePageTestClass.setup(HomePageTestClass.java:21)
at testcases.HomePageTestClass.setup(HomePageTestClass.java:21)
at testcases.HomePageTestClass.setup(HomePageTestClass.java:21)
at testcases.HomePageTestClass.setup(HomePageTestClass.java:21)
at testcases.HomePageTestClass.setup(HomePageTestClass.java:21)
at testcases.HomePageTestClass.setup(HomePageTestClass.java:21)
at testcases.HomePageTestClass.setup(HomePageTestClass.java:21)
at testcases.HomePageTestClass.setup(HomePageTestClass.java:21)
at testcases.HomePageTestClass.setup(HomePageTestClass.java:21)
at testcases.HomePageTestClass.setup(HomePageTestClass.java:21)
at testcases.HomePageTestClass.setup(HomePageTestClass.java:21)
at testcases.HomePageTestClass.setup(HomePageTestClass.java:21)
at testcases.HomePageTestClass.setup(HomePageTestClass.java:21)
at testcases.HomePageTestClass.setup(HomePageTestClass.java:21)
at testcases.HomePageTestClass.setup(HomePageTestClass.java:21)
at testcases.HomePageTestClass.setup(HomePageTestClass.java:21)
at testcases.HomePageTestClass.setup(HomePageTestClass.java:21)
at testcases.HomePageTestClass.setup(HomePageTestClass.java:21)
at testcases.HomePageTestClass.setup(HomePageTestClass.java:21)
at testcases.HomePageTestClass.setup(HomePageTestClass.java:21)
at testcases.HomePageTestClass.setup(HomePageTestClass.java:21)
at testcases.HomePageTestClass.setup(HomePageTestClass.java:21)
at testcases.HomePageTestClass.setup(HomePageTestClass.java:21)
at testcases.HomePageTestClass.setup(HomePageTestClass.java:21)
at testcases.HomePageTestClass.setup(HomePageTestClass.java:21)
at testcases.HomePageTestClass.setup(HomePageTestClass.java:21)
at testcases.HomePageTestClass.setup(HomePageTestClass.java:21)
at testcases.HomePageTestClass.setup(HomePageTestClass.java:21)
at testcases.HomePageTestClass.setup(HomePageTestClass.java:21)
at testcases.HomePageTestClass.setup(HomePageTestClass.java:21)
at testcases.HomePageTestClass.setup(HomePageTestClass.java:21)
at testcases.HomePageTestClass.setup(HomePageTestClass.java:21)
at testcases.HomePageTestClass.setup(HomePageTestClass.java:21)
at testcases.HomePageTestClass.setup(HomePageTestClass.java:21)
at testcases.HomePageTestClass.setup(HomePageTestClass.java:21)
at testcases.HomePageTestClass.setup(HomePageTestClass.java:21)
at testcases.HomePageTestClass.setup(HomePageTestClass.java:21)
at testcases.HomePageTestClass.setup(HomePageTestClass.java:21)
at testcases.HomePageTestClass.setup(HomePageTestClass.java:21)
at testcases.HomePageTestClass.setup(HomePageTestClass.java:21)
at testcases.HomePageTestClass.setup(HomePageTestClass.java:21)
at testcases.HomePageTestClass.setup(HomePageTestClass.java:21)
at testcases.HomePageTestClass.setup(HomePageTestClass.java:21)
at testcases.HomePageTestClass.setup(HomePageTestClass.java:21)
at testcases.HomePageTestClass.setup(HomePageTestClass.java:21)
at testcases.HomePageTestClass.setup(HomePageTestClass.java:21)
at testcases.HomePageTestClass.setup(HomePageTestClass.java:21)
at testcases.HomePageTestClass.setup(HomePageTestClass.java:21)
at testcases.HomePageTestClass.setup(HomePageTestClass.java:21)
at testcases.HomePageTestClass.setup(HomePageTestClass.java:21)
at testcases.HomePageTestClass.setup(HomePageTestClass.java:21)
at testcases.HomePageTestClass.setup(HomePageTestClass.java:21)
at testcases.HomePageTestClass.setup(HomePageTestClass.java:21)
at testcases.HomePageTestClass.setup(HomePageTestClass.java:21)
at testcases.HomePageTestClass.setup(HomePageTestClass.java:21)
at testcases.HomePageTestClass.setup(HomePageTestClass.java:21)
at testcases.HomePageTestClass.setup(HomePageTestClass.java:21)
at testcases.HomePageTestClass.setup(HomePageTestClass.java:21)
at testcases.HomePageTestClass.setup(HomePageTestClass.java:21)
at testcases.HomePageTestClass.setup(HomePageTestClass.java:21)
at testcases.HomePageTestClass.setup(HomePageTestClass.java:21)
at testcases.HomePageTestClass.setup(HomePageTestClass.java:21)
at testcases.HomePageTestClass.setup(HomePageTestClass.java:21)
at testcases.HomePageTestClass.setup(HomePageTestClass.java:21)
at testcases.HomePageTestClass.setup(HomePageTestClass.java:21)
at testcases.HomePageTestClass.setup(HomePageTestClass.java:21)
at testcases.HomePageTestClass.setup(HomePageTestClass.java:21)
at testcases.HomePageTestClass.setup(HomePageTestClass.java:21)
at testcases.HomePageTestClass.setup(HomePageTestClass.java:21)
at testcases.HomePageTestClass.setup(HomePageTestClass.java:21)
at testcases.HomePageTestClass.setup(HomePageTestClass.java:21)
at testcases.HomePageTestClass.setup(HomePageTestClass.java:21)
at testcases.HomePageTestClass.setup(HomePageTestClass.java:21)
at testcases.HomePageTestClass.setup(HomePageTestClass.java:21)
at testcases.HomePageTestClass.setup(HomePageTestClass.java:21)
at testcases.HomePageTestClass.setup(HomePageTestClass.java:21)
at testcases.HomePageTestClass.setup(HomePageTestClass.java:21)
at testcases.HomePageTestClass.setup(HomePageTestClass.java:21)
at testcases.HomePageTestClass.setup(HomePageTestClass.java:21)
at testcases.HomePageTestClass.setup(HomePageTestClass.java:21)
at testcases.HomePageTestClass.setup(HomePageTestClass.java:21)
at testcases.HomePageTestClass.setup(HomePageTestClass.java:21)
at testcases.HomePageTestClass.setup(HomePageTestClass.java:21)
at testcases.HomePageTestClass.setup(HomePageTestClass.java:21)
at testcases.HomePageTestClass.setup(HomePageTestClass.java:21)
at testcases.HomePageTestClass.setup(HomePageTestClass.java:21)
at testcases.HomePageTestClass.setup(HomePageTestClass.java:21)
at testcases.HomePageTestClass.setup(HomePageTestClass.java:21)
at testcases.HomePageTestClass.setup(HomePageTestClass.java:21)
at testcases.HomePageTestClass.setup(HomePageTestClass.java:21)
at testcases.HomePageTestClass.setup(HomePageTestClass.java:21)
at testcases.HomePageTestClass.setup(HomePageTestClass.java:21)
at testcases.HomePageTestClass.setup(HomePageTestClass.java:21)
at testcases.HomePageTestClass.setup(HomePageTestClass.java:21)
at testcases.HomePageTestClass.setup(HomePageTestClass.java:21)
at testcases.HomePageTestClass.setup(HomePageTestClass.java:21)
at testcases.HomePageTestClass.setup(HomePageTestClass.java:21)
at testcases.HomePageTestClass.setup(HomePageTestClass.java:21)
at testcases.HomePageTestClass.setup(HomePageTestClass.java:21)
at testcases.HomePageTestClass.setup(HomePageTestClass.java:21)
at testcases.HomePageTestClass.setup(HomePageTestClass.java:21)
at testcases.HomePageTestClass.setup(HomePageTestClass.java:21)
at testcases.HomePageTestClass.setup(HomePageTestClass.java:21)
at testcases.HomePageTestClass.setup(HomePageTestClass.java:21)
at testcases.HomePageTestClass.setup(HomePageTestClass.java:21)
at testcases.HomePageTestClass.setup(HomePageTestClass.java:21)
at testcases.HomePageTestClass.setup(HomePageTestClass.java:21)
at testcases.HomePageTestClass.setup(HomePageTestClass.java:21)
at testcases.HomePageTestClass.setup(HomePageTestClass.java:21)
at testcases.HomePageTestClass.setup(HomePageTestClass.java:21)
at testcases.HomePageTestClass.setup(HomePageTestClass.java:21)
at testcases.HomePageTestClass.setup(HomePageTestClass.java:21)
at testcases.HomePageTestClass.setup(HomePageTestClass.java:21)
at testcases.HomePageTestClass.setup(HomePageTestClass.java:21)
at testcases.HomePageTestClass.setup(HomePageTestClass.java:21)
at testcases.HomePageTestClass.setup(HomePageTestClass.java:21)
at testcases.HomePageTestClass.setup(HomePageTestClass.java:21)
at testcases.HomePageTestClass.setup(HomePageTestClass.java:21)
at testcases.HomePageTestClass.setup(HomePageTestClass.java:21)
at testcases.HomePageTestClass.setup(HomePageTestClass.java:21)
at testcases.HomePageTestClass.setup(HomePageTestClass.java:21)
at testcases.HomePageTestClass.setup(HomePageTestClass.java:21)
at testcases.HomePageTestClass.setup(HomePageTestClass.java:21)
at testcases.HomePageTestClass.setup(HomePageTestClass.java:21)
at testcases.HomePageTestClass.setup(HomePageTestClass.java:21)
at testcases.HomePageTestClass.setup(HomePageTestClass.java:21)
at testcases.HomePageTestClass.setup(HomePageTestClass.java:21)
at testcases.HomePageTestClass.setup(HomePageTestClass.java:21)
at testcases.HomePageTestClass.setup(HomePageTestClass.java:21)
at testcases.HomePageTestClass.setup(HomePageTestClass.java:21)
at testcases.HomePageTestClass.setup(HomePageTestClass.java:21)
at testcases.HomePageTestClass.setup(HomePageTestClass.java:21)
at testcases.HomePageTestClass.setup(HomePageTestClass.java:21)
at testcases.HomePageTestClass.setup(HomePageTestClass.java:21)
at testcases.HomePageTestClass.setup(HomePageTestClass.java:21)
at testcases.HomePageTestClass.setup(HomePageTestClass.java:21)
at testcases.HomePageTestClass.setup(HomePageTestClass.java:21)
at testcases.HomePageTestClass.setup(HomePageTestClass.java:21)
at testcases.HomePageTestClass.setup(HomePageTestClass.java:21)
at testcases.HomePageTestClass.setup(HomePageTestClass.java:21)
at testcases.HomePageTestClass.setup(HomePageTestClass.java:21)
at testcases.HomePageTestClass.setup(HomePageTestClass.java:21)
at testcases.HomePageTestClass.setup(HomePageTestClass.java:21)
at testcases.HomePageTestClass.setup(HomePageTestClass.java:21)
at testcases.HomePageTestClass.setup(HomePageTestClass.java:21)
at testcases.HomePageTestClass.setup(HomePageTestClass.java:21)
at testcases.HomePageTestClass.setup(HomePageTestClass.java:21)
at testcases.HomePageTestClass.setup(HomePageTestClass.java:21)
at testcases.HomePageTestClass.setup(HomePageTestClass.java:21)
at testcases.HomePageTestClass.setup(HomePageTestClass.java:21)
at testcases.HomePageTestClass.setup(HomePageTestClass.java:21)
at testcases.HomePageTestClass.setup(HomePageTestClass.java:21)
at testcases.HomePageTestClass.setup(HomePageTestClass.java:21)
at testcases.HomePageTestClass.setup(HomePageTestClass.java:21)
at testcases.HomePageTestClass.setup(HomePageTestClass.java:21)
at testcases.HomePageTestClass.setup(HomePageTestClass.java:21)
at testcases.HomePageTestClass.setup(HomePageTestClass.java:21)
at testcases.HomePageTestClass.setup(HomePageTestClass.java:21)
at testcases.HomePageTestClass.setup(HomePageTestClass.java:21)
at testcases.HomePageTestClass.setup(HomePageTestClass.java:21)
at testcases.HomePageTestClass.setup(HomePageTestClass.java:21)
at testcases.HomePageTestClass.setup(HomePageTestClass.java:21)
at testcases.HomePageTestClass.setup(HomePageTestClass.java:21)
at testcases.HomePageTestClass.setup(HomePageTestClass.java:21)
at testcases.HomePageTestClass.setup(HomePageTestClass.java:21)
at testcases.HomePageTestClass.setup(HomePageTestClass.java:21)
at testcases.HomePageTestClass.setup(HomePageTestClass.java:21)
at testcases.HomePageTestClass.setup(HomePageTestClass.java:21)
at testcases.HomePageTestClass.setup(HomePageTestClass.java:21)
at testcases.HomePageTestClass.setup(HomePageTestClass.java:21)
at testcases.HomePageTestClass.setup(HomePageTestClass.java:21)
at testcases.HomePageTestClass.setup(HomePageTestClass.java:21)
at testcases.HomePageTestClass.setup(HomePageTestClass.java:21)
at testcases.HomePageTestClass.setup(HomePageTestClass.java:21)
at testcases.HomePageTestClass.setup(HomePageTestClass.java:21)
at testcases.HomePageTestClass.setup(HomePageTestClass.java:21)
at testcases.HomePageTestClass.setup(HomePageTestClass.java:21)
at testcases.HomePageTestClass.setup(HomePageTestClass.java:21)
at testcases.HomePageTestClass.setup(HomePageTestClass.java:21)
at testcases.HomePageTestClass.setup(HomePageTestClass.java:21)
at testcases.HomePageTestClass.setup(HomePageTestClass.java:21)
at testcases.HomePageTestClass.setup(HomePageTestClass.java:21)
at testcases.HomePageTestClass.setup(HomePageTestClass.java:21)
at testcases.HomePageTestClass.setup(HomePageTestClass.java:21)
at testcases.HomePageTestClass.setup(HomePageTestClass.java:21)
at testcases.HomePageTestClass.setup(HomePageTestClass.java:21)
at testcases.HomePageTestClass.setup(HomePageTestClass.java:21)
at testcases.HomePageTestClass.setup(HomePageTestClass.java:21)
at testcases.HomePageTestClass.setup(HomePageTestClass.java:21)
at testcases.HomePageTestClass.setup(HomePageTestClass.java:21)
at testcases.HomePageTestClass.setup(HomePageTestClass.java:21)
at testcases.HomePageTestClass.setup(HomePageTestClass.java:21)
at testcases.HomePageTestClass.setup(HomePageTestClass.java:21)
at testcases.HomePageTestClass.setup(HomePageTestClass.java:21)
at testcases.HomePageTestClass.setup(HomePageTestClass.java:21)
at testcases.HomePageTestClass.setup(HomePageTestClass.java:21)
at testcases.HomePageTestClass.setup(HomePageTestClass.java:21)
at testcases.HomePageTestClass.setup(HomePageTestClass.java:21)
at testcases.HomePageTestClass.setup(HomePageTestClass.java:21)
at testcases.HomePageTestClass.setup(HomePageTestClass.java:21)
at testcases.HomePageTestClass.setup(HomePageTestClass.java:21)
at testcases.HomePageTestClass.setup(HomePageTestClass.java:21)
at testcases.HomePageTestClass.setup(HomePageTestClass.java:21)
at testcases.HomePageTestClass.setup(HomePageTestClass.java:21)
at testcases.HomePageTestClass.setup(HomePageTestClass.java:21)
at testcases.HomePageTestClass.setup(HomePageTestClass.java:21)
at testcases.HomePageTestClass.setup(HomePageTestClass.java:21)
at testcases.HomePageTestClass.setup(HomePageTestClass.java:21)
at testcases.HomePageTestClass.setup(HomePageTestClass.java:21)
at testcases.HomePageTestClass.setup(HomePageTestClass.java:21)
at testcases.HomePageTestClass.setup(HomePageTestClass.java:21)
at testcases.HomePageTestClass.setup(HomePageTestClass.java:21)
at testcases.HomePageTestClass.setup(HomePageTestClass.java:21)
at testcases.HomePageTestClass.setup(HomePageTestClass.java:21)
at testcases.HomePageTestClass.setup(HomePageTestClass.java:21)
at testcases.HomePageTestClass.setup(HomePageTestClass.java:21)
at testcases.HomePageTestClass.setup(HomePageTestClass.java:21)
at testcases.HomePageTestClass.setup(HomePageTestClass.java:21)
at testcases.HomePageTestClass.setup(HomePageTestClass.java:21)
at testcases.HomePageTestClass.setup(HomePageTestClass.java:21)
at testcases.HomePageTestClass.setup(HomePageTestClass.java:21)
at testcases.HomePageTestClass.setup(HomePageTestClass.java:21)
at testcases.HomePageTestClass.setup(HomePageTestClass.java:21)
at testcases.HomePageTestClass.setup(HomePageTestClass.java:21)
at testcases.HomePageTestClass.setup(HomePageTestClass.java:21)
at testcases.HomePageTestClass.setup(HomePageTestClass.java:21)
at testcases.HomePageTestClass.setup(HomePageTestClass.java:21)
at testcases.HomePageTestClass.setup(HomePageTestClass.java:21)
at testcases.HomePageTestClass.setup(HomePageTestClass.java:21)
at testcases.HomePageTestClass.setup(HomePageTestClass.java:21)
at testcases.HomePageTestClass.setup(HomePageTestClass.java:21)
at testcases.HomePageTestClass.setup(HomePageTestClass.java:21)
at testcases.HomePageTestClass.setup(HomePageTestClass.java:21)
at testcases.HomePageTestClass.setup(HomePageTestClass.java:21)
at testcases.HomePageTestClass.setup(HomePageTestClass.java:21)
at testcases.HomePageTestClass.setup(HomePageTestClass.java:21)
at testcases.HomePageTestClass.setup(HomePageTestClass.java:21)
at testcases.HomePageTestClass.setup(HomePageTestClass.java:21)
at testcases.HomePageTestClass.setup(HomePageTestClass.java:21)
at testcases.HomePageTestClass.setup(HomePageTestClass.java:21)
at testcases.HomePageTestClass.setup(HomePageTestClass.java:21)
at testcases.HomePageTestClass.setup(HomePageTestClass.java:21)
at testcases.HomePageTestClass.setup(HomePageTestClass.java:21)
at testcases.HomePageTestClass.setup(HomePageTestClass.java:21)
at testcases.HomePageTestClass.setup(HomePageTestClass.java:21)
at testcases.HomePageTestClass.setup(HomePageTestClass.java:21)
at testcases.HomePageTestClass.setup(HomePageTestClass.java:21)
at testcases.HomePageTestClass.setup(HomePageTestClass.java:21)
at testcases.HomePageTestClass.setup(HomePageTestClass.java:21)
at testcases.HomePageTestClass.setup(HomePageTestClass.java:21)
at testcases.HomePageTestClass.setup(HomePageTestClass.java:21)
at testcases.HomePageTestClass.setup(HomePageTestClass.java:21)
at testcases.HomePageTestClass.setup(HomePageTestClass.java:21)
at testcases.HomePageTestClass.setup(HomePageTestClass.java:21)
at testcases.HomePageTestClass.setup(HomePageTestClass.java:21)
at testcases.HomePageTestClass.setup(HomePageTestClass.java:21)
at testcases.HomePageTestClass.setup(HomePageTestClass.java:21)
at testcases.HomePageTestClass.setup(HomePageTestClass.java:21)
at testcases.HomePageTestClass.setup(HomePageTestClass.java:21)
at testcases.HomePageTestClass.setup(HomePageTestClass.java:21)
at testcases.HomePageTestClass.setup(HomePageTestClass.java:21)
at testcases.HomePageTestClass.setup(HomePageTestClass.java:21)
at testcases.HomePageTestClass.setup(HomePageTestClass.java:21)
at testcases.HomePageTestClass.setup(HomePageTestClass.java:21)
at testcases.HomePageTestClass.setup(HomePageTestClass.java:21)
at testcases.HomePageTestClass.setup(HomePageTestClass.java:21)
at testcases.HomePageTestClass.setup(HomePageTestClass.java:21)
at testcases.HomePageTestClass.setup(HomePageTestClass.java:21)
at testcases.HomePageTestClass.setup(HomePageTestClass.java:21)
at testcases.HomePageTestClass.setup(HomePageTestClass.java:21)
at testcases.HomePageTestClass.setup(HomePageTestClass.java:21)
at testcases.HomePageTestClass.setup(HomePageTestClass.java:21)
at testcases.HomePageTestClass.setup(HomePageTestClass.java:21)
at testcases.HomePageTestClass.setup(HomePageTestClass.java:21)
at testcases.HomePageTestClass.setup(HomePageTestClass.java:21)
at testcases.HomePageTestClass.setup(HomePageTestClass.java:21)
at testcases.HomePageTestClass.setup(HomePageTestClass.java:21)
at testcases.HomePageTestClass.setup(HomePageTestClass.java:21)
at testcases.HomePageTestClass.setup(HomePageTestClass.java:21)
at testcases.HomePageTestClass.setup(HomePageTestClass.java:21)
at testcases.HomePageTestClass.setup(HomePageTestClass.java:21)
at testcases.HomePageTestClass.setup(HomePageTestClass.java:21)
at testcases.HomePageTestClass.setup(HomePageTestClass.java:21)
at testcases.HomePageTestClass.setup(HomePageTestClass.java:21)
at testcases.HomePageTestClass.setup(HomePageTestClass.java:21)
at testcases.HomePageTestClass.setup(HomePageTestClass.java:21)
at testcases.HomePageTestClass.setup(HomePageTestClass.java:21)
at testcases.HomePageTestClass.setup(HomePageTestClass.java:21)
at testcases.HomePageTestClass.setup(HomePageTestClass.java:21)
at testcases.HomePageTestClass.setup(HomePageTestClass.java:21)
at testcases.HomePageTestClass.setup(HomePageTestClass.java:21)
at testcases.HomePageTestClass.setup(HomePageTestClass.java:21)
at testcases.HomePageTestClass.setup(HomePageTestClass.java:21)
at testcases.HomePageTestClass.setup(HomePageTestClass.java:21)
at testcases.HomePageTestClass.setup(HomePageTestClass.java:21)
at testcases.HomePageTestClass.setup(HomePageTestClass.java:21)
at testcases.HomePageTestClass.setup(HomePageTestClass.java:21)
at testcases.HomePageTestClass.setup(HomePageTestClass.java:21)
at testcases.HomePageTestClass.setup(HomePageTestClass.java:21)
at testcases.HomePageTestClass.setup(HomePageTestClass.java:21)
at testcases.HomePageTestClass.setup(HomePageTestClass.java:21)
at testcases.HomePageTestClass.setup(HomePageTestClass.java:21)
at testcases.HomePageTestClass.setup(HomePageTestClass.java:21)
at testcases.HomePageTestClass.setup(HomePageTestClass.java:21)
at testcases.HomePageTestClass.setup(HomePageTestClass.java:21)
at testcases.HomePageTestClass.setup(HomePageTestClass.java:21)
at testcases.HomePageTestClass.setup(HomePageTestClass.java:21)
at testcases.HomePageTestClass.setup(HomePageTestClass.java:21)
at testcases.HomePageTestClass.setup(HomePageTestClass.java:21)
at testcases.HomePageTestClass.setup(HomePageTestClass.java:21)
at testcases.HomePageTestClass.setup(HomePageTestClass.java:21)
at testcases.HomePageTestClass.setup(HomePageTestClass.java:21)
at testcases.HomePageTestClass.setup(HomePageTestClass.java:21)
at testcases.HomePageTestClass.setup(HomePageTestClass.java:21)
at testcases.HomePageTestClass.setup(HomePageTestClass.java:21)
at testcases.HomePageTestClass.setup(HomePageTestClass.java:21)
at testcases.HomePageTestClass.setup(HomePageTestClass.java:21)
at testcases.HomePageTestClass.setup(HomePageTestClass.java:21)
at testcases.HomePageTestClass.setup(HomePageTestClass.java:21)
at testcases.HomePageTestClass.setup(HomePageTestClass.java:21)
at testcases.HomePageTestClass.setup(HomePageTestClass.java:21)
at testcases.HomePageTestClass.setup(HomePageTestClass.java:21)
at testcases.HomePageTestClass.setup(HomePageTestClass.java:21)
at testcases.HomePageTestClass.setup(HomePageTestClass.java:21)
at testcases.HomePageTestClass.setup(HomePageTestClass.java:21)
at testcases.HomePageTestClass.setup(HomePageTestClass.java:21)
at testcases.HomePageTestClass.setup(HomePageTestClass.java:21)
at testcases.HomePageTestClass.setup(HomePageTestClass.java:21)
at testcases.HomePageTestClass.setup(HomePageTestClass.java:21)
at testcases.HomePageTestClass.setup(HomePageTestClass.java:21)
at testcases.HomePageTestClass.setup(HomePageTestClass.java:21)
at testcases.HomePageTestClass.setup(HomePageTestClass.java:21)
at testcases.HomePageTestClass.setup(HomePageTestClass.java:21)
at testcases.HomePageTestClass.setup(HomePageTestClass.java:21)
at testcases.HomePageTestClass.setup(HomePageTestClass.java:21)
at testcases.HomePageTestClass.setup(HomePageTestClass.java:21)
at testcases.HomePageTestClass.setup(HomePageTestClass.java:21)
at testcases.HomePageTestClass.setup(HomePageTestClass.java:21)
at testcases.HomePageTestClass.setup(HomePageTestClass.java:21)
at testcases.HomePageTestClass.setup(HomePageTestClass.java:21)
at testcases.HomePageTestClass.setup(HomePageTestClass.java:21)
at testcases.HomePageTestClass.setup(HomePageTestClass.java:21)
at testcases.HomePageTestClass.setup(HomePageTestClass.java:21)
at testcases.HomePageTestClass.setup(HomePageTestClass.java:21)
at testcases.HomePageTestClass.setup(HomePageTestClass.java:21)
at testcases.HomePageTestClass.setup(HomePageTestClass.java:21)
at testcases.HomePageTestClass.setup(HomePageTestClass.java:21)
at testcases.HomePageTestClass.setup(HomePageTestClass.java:21)
at testcases.HomePageTestClass.setup(HomePageTestClass.java:21)
at testcases.HomePageTestClass.setup(HomePageTestClass.java:21)
at testcases.HomePageTestClass.setup(HomePageTestClass.java:21)
at testcases.HomePageTestClass.setup(HomePageTestClass.java:21)
at testcases.HomePageTestClass.setup(HomePageTestClass.java:21)
at testcases.HomePageTestClass.setup(HomePageTestClass.java:21)
at testcases.HomePageTestClass.setup(HomePageTestClass.java:21)
at testcases.HomePageTestClass.setup(HomePageTestClass.java:21)
at testcases.HomePageTestClass.setup(HomePageTestClass.java:21)
at testcases.HomePageTestClass.setup(HomePageTestClass.java:21)
at testcases.HomePageTestClass.setup(HomePageTestClass.java:21)
at testcases.HomePageTestClass.setup(HomePageTestClass.java:21)
at testcases.HomePageTestClass.setup(HomePageTestClass.java:21)
at testcases.HomePageTestClass.setup(HomePageTestClass.java:21)
at testcases.HomePageTestClass.setup(HomePageTestClass.java:21)
at testcases.HomePageTestClass.setup(HomePageTestClass.java:21)
at testcases.HomePageTestClass.setup(HomePageTestClass.java:21)
at testcases.HomePageTestClass.setup(HomePageTestClass.java:21)
at testcases.HomePageTestClass.setup(HomePageTestClass.java:21)
at testcases.HomePageTestClass.setup(HomePageTestClass.java:21)
at testcases.HomePageTestClass.setup(HomePageTestClass.java:21)
at testcases.HomePageTestClass.setup(HomePageTestClass.java:21)
at testcases.HomePageTestClass.setup(HomePageTestClass.java:21)
at testcases.HomePageTestClass.setup(HomePageTestClass.java:21)
at testcases.HomePageTestClass.setup(HomePageTestClass.java:21)
at testcases.HomePageTestClass.setup(HomePageTestClass.java:21)
at testcases.HomePageTestClass.setup(HomePageTestClass.java:21)
at testcases.HomePageTestClass.setup(HomePageTestClass.java:21)
at testcases.HomePageTestClass.setup(HomePageTestClass.java:21)
at testcases.HomePageTestClass.setup(HomePageTestClass.java:21)
at testcases.HomePageTestClass.setup(HomePageTestClass.java:21)
at testcases.HomePageTestClass.setup(HomePageTestClass.java:21)
at testcases.HomePageTestClass.setup(HomePageTestClass.java:21)
at testcases.HomePageTestClass.setup(HomePageTestClass.java:21)
at testcases.HomePageTestClass.setup(HomePageTestClass.java:21)
at testcases.HomePageTestClass.setup(HomePageTestClass.java:21)
at testcases.HomePageTestClass.setup(HomePageTestClass.java:21)
at testcases.HomePageTestClass.setup(HomePageTestClass.java:21)
at testcases.HomePageTestClass.setup(HomePageTestClass.java:21)
at testcases.HomePageTestClass.setup(HomePageTestClass.java:21)
at testcases.HomePageTestClass.setup(HomePageTestClass.java:21)
at testcases.HomePageTestClass.setup(HomePageTestClass.java:21)
at testcases.HomePageTestClass.setup(HomePageTestClass.java:21)
at testcases.HomePageTestClass.setup(HomePageTestClass.java:21)
at testcases.HomePageTestClass.setup(HomePageTestClass.java:21)
at testcases.HomePageTestClass.setup(HomePageTestClass.java:21)
at testcases.HomePageTestClass.setup(HomePageTestClass.java:21)
at testcases.HomePageTestClass.setup(HomePageTestClass.java:21)
at testcases.HomePageTestClass.setup(HomePageTestClass.java:21)
at testcases.HomePageTestClass.setup(HomePageTestClass.java:21)
at testcases.HomePageTestClass.setup(HomePageTestClass.java:21)
at testcases.HomePageTestClass.setup(HomePageTestClass.java:21)
at testcases.HomePageTestClass.setup(HomePageTestClass.java:21)
at testcases.HomePageTestClass.setup(HomePageTestClass.java:21)
at testcases.HomePageTestClass.setup(HomePageTestClass.java:21)
at testcases.HomePageTestClass.setup(HomePageTestClass.java:21)
at testcases.HomePageTestClass.setup(HomePageTestClass.java:21)
at testcases.HomePageTestClass.setup(HomePageTestClass.java:21)
at testcases.HomePageTestClass.setup(HomePageTestClass.java:21)
at testcases.HomePageTestClass.setup(HomePageTestClass.java:21)
at testcases.HomePageTestClass.setup(HomePageTestClass.java:21)
at testcases.HomePageTestClass.setup(HomePageTestClass.java:21)
at testcases.HomePageTestClass.setup(HomePageTestClass.java:21)
at testcases.HomePageTestClass.setup(HomePageTestClass.java:21)
at testcases.HomePageTestClass.setup(HomePageTestClass.java:21)
at testcases.HomePageTestClass.setup(HomePageTestClass.java:21)
at testcases.HomePageTestClass.setup(HomePageTestClass.java:21)
at testcases.HomePageTestClass.setup(HomePageTestClass.java:21)
at testcases.HomePageTestClass.setup(HomePageTestClass.java:21)
at testcases.HomePageTestClass.setup(HomePageTestClass.java:21)
at testcases.HomePageTestClass.setup(HomePageTestClass.java:21)
at testcases.HomePageTestClass.setup(HomePageTestClass.java:21)
at testcases.HomePageTestClass.setup(HomePageTestClass.java:21)
at testcases.HomePageTestClass.setup(HomePageTestClass.java:21)
at testcases.HomePageTestClass.setup(HomePageTestClass.java:21)
at testcases.HomePageTestClass.setup(HomePageTestClass.java:21)
at testcases.HomePageTestClass.setup(HomePageTestClass.java:21)
at testcases.HomePageTestClass.setup(HomePageTestClass.java:21)
at testcases.HomePageTestClass.setup(HomePageTestClass.java:21)
at testcases.HomePageTestClass.setup(HomePageTestClass.java:21)
at testcases.HomePageTestClass.setup(HomePageTestClass.java:21)
at testcases.HomePageTestClass.setup(HomePageTestClass.java:21)
at testcases.HomePageTestClass.setup(HomePageTestClass.java:21)
at testcases.HomePageTestClass.setup(HomePageTestClass.java:21)
at testcases.HomePageTestClass.setup(HomePageTestClass.java:21)
at testcases.HomePageTestClass.setup(HomePageTestClass.java:21)
at testcases.HomePageTestClass.setup(HomePageTestClass.java:21)
at testcases.HomePageTestClass.setup(HomePageTestClass.java:21)
at testcases.HomePageTestClass.setup(HomePageTestClass.java:21)
at testcases.HomePageTestClass.setup(HomePageTestClass.java:21)
at testcases.HomePageTestClass.setup(HomePageTestClass.java:21)
at testcases.HomePageTestClass.setup(HomePageTestClass.java:21)
at testcases.HomePageTestClass.setup(HomePageTestClass.java:21)
at testcases.HomePageTestClass.setup(HomePageTestClass.java:21)
at testcases.HomePageTestClass.setup(HomePageTestClass.java:21)
at testcases.HomePageTestClass.setup(HomePageTestClass.java:21)
at testcases.HomePageTestClass.setup(HomePageTestClass.java:21)
at testcases.HomePageTestClass.setup(HomePageTestClass.java:21)
at testcases.HomePageTestClass.setup(HomePageTestClass.java:21)
at testcases.HomePageTestClass.setup(HomePageTestClass.java:21)
at testcases.HomePageTestClass.setup(HomePageTestClass.java:21)
at testcases.HomePageTestClass.setup(HomePageTestClass.java:21)
at testcases.HomePageTestClass.setup(HomePageTestClass.java:21)
at testcases.HomePageTestClass.setup(HomePageTestClass.java:21)
at testcases.HomePageTestClass.setup(HomePageTestClass.java:21)
at testcases.HomePageTestClass.setup(HomePageTestClass.java:21)
at testcases.HomePageTestClass.setup(HomePageTestClass.java:21)
at testcases.HomePageTestClass.setup(HomePageTestClass.java:21)
at testcases.HomePageTestClass.setup(HomePageTestClass.java:21)
at testcases.HomePageTestClass.setup(HomePageTestClass.java:21)
at testcases.HomePageTestClass.setup(HomePageTestClass.java:21)
at testcases.HomePageTestClass.setup(HomePageTestClass.java:21)
at testcases.HomePageTestClass.setup(HomePageTestClass.java:21)
at testcases.HomePageTestClass.setup(HomePageTestClass.java:21)
at testcases.HomePageTestClass.setup(HomePageTestClass.java:21)
at testcases.HomePageTestClass.setup(HomePageTestClass.java:21)
at testcases.HomePageTestClass.setup(HomePageTestClass.java:21)
at testcases.HomePageTestClass.setup(HomePageTestClass.java:21)
at testcases.HomePageTestClass.setup(HomePageTestClass.java:21)
at testcases.HomePageTestClass.setup(HomePageTestClass.java:21)
at testcases.HomePageTestClass.setup(HomePageTestClass.java:21)
at testcases.HomePageTestClass.setup(HomePageTestClass.java:21)
at testcases.HomePageTestClass.setup(HomePageTestClass.java:21)
at testcases.HomePageTestClass.setup(HomePageTestClass.java:21)
at testcases.HomePageTestClass.setup(HomePageTestClass.java:21)
at testcases.HomePageTestClass.setup(HomePageTestClass.java:21)
at testcases.HomePageTestClass.setup(HomePageTestClass.java:21)
at testcases.HomePageTestClass.setup(HomePageTestClass.java:21)
at testcases.HomePageTestClass.setup(HomePageTestClass.java:21)
at testcases.HomePageTestClass.setup(HomePageTestClass.java:21)
at testcases.HomePageTestClass.setup(HomePageTestClass.java:21)
at testcases.HomePageTestClass.setup(HomePageTestClass.java:21)
at testcases.HomePageTestClass.setup(HomePageTestClass.java:21)
at testcases.HomePageTestClass.setup(HomePageTestClass.java:21)
at testcases.HomePageTestClass.setup(HomePageTestClass.java:21)
at testcases.HomePageTestClass.setup(HomePageTestClass.java:21)
at testcases.HomePageTestClass.setup(HomePageTestClass.java:21)
at testcases.HomePageTestClass.setup(HomePageTestClass.java:21)
at testcases.HomePageTestClass.setup(HomePageTestClass.java:21)
at testcases.HomePageTestClass.setup(HomePageTestClass.java:21)
at testcases.HomePageTestClass.setup(HomePageTestClass.java:21)
at testcases.HomePageTestClass.setup(HomePageTestClass.java:21)
at testcases.HomePageTestClass.setup(HomePageTestClass.java:21)
at testcases.HomePageTestClass.setup(HomePageTestClass.java:21)
at testcases.HomePageTestClass.setup(HomePageTestClass.java:21)
at testcases.HomePageTestClass.setup(HomePageTestClass.java:21)
at testcases.HomePageTestClass.setup(HomePageTestClass.java:21)
at testcases.HomePageTestClass.setup(HomePageTestClass.java:21)
at testcases.HomePageTestClass.setup(HomePageTestClass.java:21)
at testcases.HomePageTestClass.setup(HomePageTestClass.java:21)
at testcases.HomePageTestClass.setup(HomePageTestClass.java:21)
at testcases.HomePageTestClass.setup(HomePageTestClass.java:21)
at testcases.HomePageTestClass.setup(HomePageTestClass.java:21)
at testcases.HomePageTestClass.setup(HomePageTestClass.java:21)
at testcases.HomePageTestClass.setup(HomePageTestClass.java:21)
at testcases.HomePageTestClass.setup(HomePageTestClass.java:21)
at testcases.HomePageTestClass.setup(HomePageTestClass.java:21)
at testcases.HomePageTestClass.setup(HomePageTestClass.java:21)
at testcases.HomePageTestClass.setup(HomePageTestClass.java:21)
at testcases.HomePageTestClass.setup(HomePageTestClass.java:21)
at testcases.HomePageTestClass.setup(HomePageTestClass.java:21)
at testcases.HomePageTestClass.setup(HomePageTestClass.java:21)
at testcases.HomePageTestClass.setup(HomePageTestClass.java:21)
at testcases.HomePageTestClass.setup(HomePageTestClass.java:21)
at testcases.HomePageTestClass.setup(HomePageTestClass.java:21)
at testcases.HomePageTestClass.setup(HomePageTestClass.java:21)
at testcases.HomePageTestClass.setup(HomePageTestClass.java:21)
at testcases.HomePageTestClass.setup(HomePageTestClass.java:21)
at testcases.HomePageTestClass.setup(HomePageTestClass.java:21)
at testcases.HomePageTestClass.setup(HomePageTestClass.java:21)
at testcases.HomePageTestClass.setup(HomePageTestClass.java:21)
at testcases.HomePageTestClass.setup(HomePageTestClass.java:21)
at testcases.HomePageTestClass.setup(HomePageTestClass.java:21)
at testcases.HomePageTestClass.setup(HomePageTestClass.java:21)
at testcases.HomePageTestClass.setup(HomePageTestClass.java:21)
at testcases.HomePageTestClass.setup(HomePageTestClass.java:21)
at testcases.HomePageTestClass.setup(HomePageTestClass.java:21)
at testcases.HomePageTestClass.setup(HomePageTestClass.java:21)
at testcases.HomePageTestClass.setup(HomePageTestClass.java:21)
at testcases.HomePageTestClass.setup(HomePageTestClass.java:21)
at testcases.HomePageTestClass.setup(HomePageTestClass.java:21)
at testcases.HomePageTestClass.setup(HomePageTestClass.java:21)
at testcases.HomePageTestClass.setup(HomePageTestClass.java:21)
at testcases.HomePageTestClass.setup(HomePageTestClass.java:21)
at testcases.HomePageTestClass.setup(HomePageTestClass.java:21)
at testcases.HomePageTestClass.setup(HomePageTestClass.java:21)
at testcases.HomePageTestClass.setup(HomePageTestClass.java:21)
at testcases.HomePageTestClass.setup(HomePageTestClass.java:21)
at testcases.HomePageTestClass.setup(HomePageTestClass.java:21)
at testcases.HomePageTestClass.setup(HomePageTestClass.java:21)
at testcases.HomePageTestClass.setup(HomePageTestClass.java:21)
at testcases.HomePageTestClass.setup(HomePageTestClass.java:21)
at testcases.HomePageTestClass.setup(HomePageTestClass.java:21)
at testcases.HomePageTestClass.setup(HomePageTestClass.java:21)
at testcases.HomePageTestClass.setup(HomePageTestClass.java:21)
at testcases.HomePageTestClass.setup(HomePageTestClass.java:21)
at testcases.HomePageTestClass.setup(HomePageTestClass.java:21)
at testcases.HomePageTestClass.setup(HomePageTestClass.java:21)
at testcases.HomePageTestClass.setup(HomePageTestClass.java:21)
at testcases.HomePageTestClass.setup(HomePageTestClass.java:21)
at testcases.HomePageTestClass.setup(HomePageTestClass.java:21)
at testcases.HomePageTestClass.setup(HomePageTestClass.java:21)
at testcases.HomePageTestClass.setup(HomePageTestClass.java:21)
at testcases.HomePageTestClass.setup(HomePageTestClass.java:21)
at testcases.HomePageTestClass.setup(HomePageTestClass.java:21)
at testcases.HomePageTestClass.setup(HomePageTestClass.java:21)
at testcases.HomePageTestClass.setup(HomePageTestClass.java:21)
at testcases.HomePageTestClass.setup(HomePageTestClass.java:21)
at testcases.HomePageTestClass.setup(HomePageTestClass.java:21)
at testcases.HomePageTestClass.setup(HomePageTestClass.java:21)
at testcases.HomePageTestClass.setup(HomePageTestClass.java:21)
at testcases.HomePageTestClass.setup(HomePageTestClass.java:21)
at testcases.HomePageTestClass.setup(HomePageTestClass.java:21)
at testcases.HomePageTestClass.setup(HomePageTestClass.java:21)
at testcases.HomePageTestClass.setup(HomePageTestClass.java:21)
at testcases.HomePageTestClass.setup(HomePageTestClass.java:21)
at testcases.HomePageTestClass.setup(HomePageTestClass.java:21)
at testcases.HomePageTestClass.setup(HomePageTestClass.java:21)
at testcases.HomePageTestClass.setup(HomePageTestClass.java:21)
at testcases.HomePageTestClass.setup(HomePageTestClass.java:21)
at testcases.HomePageTestClass.setup(HomePageTestClass.java:21)
at testcases.HomePageTestClass.setup(HomePageTestClass.java:21)
at testcases.HomePageTestClass.setup(HomePageTestClass.java:21)
at testcases.HomePageTestClass.setup(HomePageTestClass.java:21)
at testcases.HomePageTestClass.setup(HomePageTestClass.java:21)
at testcases.HomePageTestClass.setup(HomePageTestClass.java:21)
at testcases.HomePageTestClass.setup(HomePageTestClass.java:21)
at testcases.HomePageTestClass.setup(HomePageTestClass.java:21)
at testcases.HomePageTestClass.setup(HomePageTestClass.java:21)
at testcases.HomePageTestClass.setup(HomePageTestClass.java:21)
at testcases.HomePageTestClass.setup(HomePageTestClass.java:21)
at testcases.HomePageTestClass.setup(HomePageTestClass.java:21)
at testcases.HomePageTestClass.setup(HomePageTestClass.java:21)
at testcases.HomePageTestClass.setup(HomePageTestClass.java:21)
at testcases.HomePageTestClass.setup(HomePageTestClass.java:21)
at testcases.HomePageTestClass.setup(HomePageTestClass.java:21)
at testcases.HomePageTestClass.setup(HomePageTestClass.java:21)
at testcases.HomePageTestClass.setup(HomePageTestClass.java:21)
at testcases.HomePageTestClass.setup(HomePageTestClass.java:21)
at testcases.HomePageTestClass.setup(HomePageTestClass.java:21)
at testcases.HomePageTestClass.setup(HomePageTestClass.java:21)
at testcases.HomePageTestClass.setup(HomePageTestClass.java:21)
at testcases.HomePageTestClass.setup(HomePageTestClass.java:21)
at testcases.HomePageTestClass.setup(HomePageTestClass.java:21)
at testcases.HomePageTestClass.setup(HomePageTestClass.java:21)
at testcases.HomePageTestClass.setup(HomePageTestClass.java:21)
at testcases.HomePageTestClass.setup(HomePageTestClass.java:21)
at testcases.HomePageTestClass.setup(HomePageTestClass.java:21)
at testcases.HomePageTestClass.setup(HomePageTestClass.java:21)
at testcases.HomePageTestClass.setup(HomePageTestClass.java:21)
at testcases.HomePageTestClass.setup(HomePageTestClass.java:21)
at testcases.HomePageTestClass.setup(HomePageTestClass.java:21)
at testcases.HomePageTestClass.setup(HomePageTestClass.java:21)
at testcases.HomePageTestClass.setup(HomePageTestClass.java:21)
at testcases.HomePageTestClass.setup(HomePageTestClass.java:21)
at testcases.HomePageTestClass.setup(HomePageTestClass.java:21)
at testcases.HomePageTestClass.setup(HomePageTestClass.java:21)
at testcases.HomePageTestClass.setup(HomePageTestClass.java:21)
at testcases.HomePageTestClass.setup(HomePageTestClass.java:21)
at testcases.HomePageTestClass.setup(HomePageTestClass.java:21)
at testcases.HomePageTestClass.setup(HomePageTestClass.java:21)
at testcases.HomePageTestClass.setup(HomePageTestClass.java:21)
at testcases.HomePageTestClass.setup(HomePageTestClass.java:21)
at testcases.HomePageTestClass.setup(HomePageTestClass.java:21)
at testcases.HomePageTestClass.setup(HomePageTestClass.java:21)
at testcases.HomePageTestClass.setup(HomePageTestClass.java:21)
at testcases.HomePageTestClass.setup(HomePageTestClass.java:21)
at testcases.HomePageTestClass.setup(HomePageTestClass.java:21)
at testcases.HomePageTestClass.setup(HomePageTestClass.java:21)
at testcases.HomePageTestClass.setup(HomePageTestClass.java:21)
at testcases.HomePageTestClass.setup(HomePageTestClass.java:21)
at testcases.HomePageTestClass.setup(HomePageTestClass.java:21)
at testcases.HomePageTestClass.setup(HomePageTestClass.java:21)
at testcases.HomePageTestClass.setup(HomePageTestClass.java:21)
at testcases.HomePageTestClass.setup(HomePageTestClass.java:21)
at testcases.HomePageTestClass.setup(HomePageTestClass.java:21)
at testcases.HomePageTestClass.setup(HomePageTestClass.java:21)
at testcases.HomePageTestClass.setup(HomePageTestClass.java:21)
at testcases.HomePageTestClass.setup(HomePageTestClass.java:21)
at testcases.HomePageTestClass.setup(HomePageTestClass.java:21)
at testcases.HomePageTestClass.setup(HomePageTestClass.java:21)
at testcases.HomePageTestClass.setup(HomePageTestClass.java:21)
at testcases.HomePageTestClass.setup(HomePageTestClass.java:21)
at testcases.HomePageTestClass.setup(HomePageTestClass.java:21)
at testcases.HomePageTestClass.setup(HomePageTestClass.java:21)
at testcases.HomePageTestClass.setup(HomePageTestClass.java:21)
at testcases.HomePageTestClass.setup(HomePageTestClass.java:21)
at testcases.HomePageTestClass.setup(HomePageTestClass.java:21)
at testcases.HomePageTestClass.setup(HomePageTestClass.java:21)
at testcases.HomePageTestClass.setup(HomePageTestClass.java:21)
at testcases.HomePageTestClass.setup(HomePageTestClass.java:21)
at testcases.HomePageTestClass.setup(HomePageTestClass.java:21)
at testcases.HomePageTestClass.setup(HomePageTestClass.java:21)
at testcases.HomePageTestClass.setup(HomePageTestClass.java:21)
at testcases.HomePageTestClass.setup(HomePageTestClass.java:21)
at testcases.HomePageTestClass.setup(HomePageTestClass.java:21)
at testcases.HomePageTestClass.setup(HomePageTestClass.java:21)
at testcases.HomePageTestClass.setup(HomePageTestClass.java:21)
at testcases.HomePageTestClass.setup(HomePageTestClass.java:21)
at testcases.HomePageTestClass.setup(HomePageTestClass.java:21)
at testcases.HomePageTestClass.setup(HomePageTestClass.java:21)
at testcases.HomePageTestClass.setup(HomePageTestClass.java:21)
at testcases.HomePageTestClass.setup(HomePageTestClass.java:21)
at testcases.HomePageTestClass.setup(HomePageTestClass.java:21)
at testcases.HomePageTestClass.setup(HomePageTestClass.java:21)
at testcases.HomePageTestClass.setup(HomePageTestClass.java:21)
at testcases.HomePageTestClass.setup(HomePageTestClass.java:21)
at testcases.HomePageTestClass.setup(HomePageTestClass.java:21)
at testcases.HomePageTestClass.setup(HomePageTestClass.java:21)
at testcases.HomePageTestClass.setup(HomePageTestClass.java:21)
at testcases.HomePageTestClass.setup(HomePageTestClass.java:21)
at testcases.HomePageTestClass.setup(HomePageTestClass.java:21)
at testcases.HomePageTestClass.setup(HomePageTestClass.java:21)
at testcases.HomePageTestClass.setup(HomePageTestClass.java:21)
at testcases.HomePageTestClass.setup(HomePageTestClass.java:21)
at testcases.HomePageTestClass.setup(HomePageTestClass.java:21)
at testcases.HomePageTestClass.setup(HomePageTestClass.java:21)
at testcases.HomePageTestClass.setup(HomePageTestClass.java:21)
at testcases.HomePageTestClass.setup(HomePageTestClass.java:21)
at testcases.HomePageTestClass.setup(HomePageTestClass.java:21)
at testcases.HomePageTestClass.setup(HomePageTestClass.java:21)
at testcases.HomePageTestClass.setup(HomePageTestClass.java:21)
at testcases.HomePageTestClass.setup(HomePageTestClass.java:21)
at testcases.HomePageTestClass.setup(HomePageTestClass.java:21)
at testcases.HomePageTestClass.setup(HomePageTestClass.java:21)
at testcases.HomePageTestClass.setup(HomePageTestClass.java:21)
at testcases.HomePageTestClass.setup(HomePageTestClass.java:21)
at testcases.HomePageTestClass.setup(HomePageTestClass.java:21)
at testcases.HomePageTestClass.setup(HomePageTestClass.java:21)
at testcases.HomePageTestClass.setup(HomePageTestClass.java:21)
at testcases.HomePageTestClass.setup(HomePageTestClass.java:21)
at testcases.HomePageTestClass.setup(HomePageTestClass.java:21)
at testcases.HomePageTestClass.setup(HomePageTestClass.java:21)
at testcases.HomePageTestClass.setup(HomePageTestClass.java:21)
at testcases.HomePageTestClass.setup(HomePageTestClass.java:21)
at testcases.HomePageTestClass.setup(HomePageTestClass.java:21)
at testcases.HomePageTestClass.setup(HomePageTestClass.java:21)
at testcases.HomePageTestClass.setup(HomePageTestClass.java:21)
at testcases.HomePageTestClass.setup(HomePageTestClass.java:21)
at testcases.HomePageTestClass.setup(HomePageTestClass.java:21)
at testcases.HomePageTestClass.setup(HomePageTestClass.java:21)
at testcases.HomePageTestClass.setup(HomePageTestClass.java:21)
at testcases.HomePageTestClass.setup(HomePageTestClass.java:21)
at testcases.HomePageTestClass.setup(HomePageTestClass.java:21)
at testcases.HomePageTestClass.setup(HomePageTestClass.java:21)
at testcases.HomePageTestClass.setup(HomePageTestClass.java:21)
at testcases.HomePageTestClass.setup(HomePageTestClass.java:21)
at testcases.HomePageTestClass.setup(HomePageTestClass.java:21)
at testcases.HomePageTestClass.setup(HomePageTestClass.java:21)
at testcases.HomePageTestClass.setup(HomePageTestClass.java:21)
at testcases.HomePageTestClass.setup(HomePageTestClass.java:21)
at testcases.HomePageTestClass.setup(HomePageTestClass.java:21)
at testcases.HomePageTestClass.setup(HomePageTestClass.java:21)
at testcases.HomePageTestClass.setup(HomePageTestClass.java:21)
at testcases.HomePageTestClass.setup(HomePageTestClass.java:21)
at testcases.HomePageTestClass.setup(HomePageTestClass.java:21)
at testcases.HomePageTestClass.setup(HomePageTestClass.java:21)
at testcases.HomePageTestClass.setup(HomePageTestClass.java:21)
at testcases.HomePageTestClass.setup(HomePageTestClass.java:21)
at testcases.HomePageTestClass.setup(HomePageTestClass.java:21)
at testcases.HomePageTestClass.setup(HomePageTestClass.java:21)
at testcases.HomePageTestClass.setup(HomePageTestClass.java:21)
at testcases.HomePageTestClass.setup(HomePageTestClass.java:21)
at testcases.HomePageTestClass.setup(HomePageTestClass.java:21)
at testcases.HomePageTestClass.setup(HomePageTestClass.java:21)
at testcases.HomePageTestClass.setup(HomePageTestClass.java:21)
at testcases.HomePageTestClass.setup(HomePageTestClass.java:21)
at testcases.HomePageTestClass.setup(HomePageTestClass.java:21)
at testcases.HomePageTestClass.setup(HomePageTestClass.java:21)
at testcases.HomePageTestClass.setup(HomePageTestClass.java:21)
at testcases.HomePageTestClass.setup(HomePageTestClass.java:21)
at testcases.HomePageTestClass.setup(HomePageTestClass.java:21)
at testcases.HomePageTestClass.setup(HomePageTestClass.java:21)
at testcases.HomePageTestClass.setup(HomePageTestClass.java:21)
at testcases.HomePageTestClass.setup(HomePageTestClass.java:21)
at testcases.HomePageTestClass.setup(HomePageTestClass.java:21)
at testcases.HomePageTestClass.setup(HomePageTestClass.java:21)
at testcases.HomePageTestClass.setup(HomePageTestClass.java:21)
at testcases.HomePageTestClass.setup(HomePageTestClass.java:21)
at testcases.HomePageTestClass.setup(HomePageTestClass.java:21)
at testcases.HomePageTestClass.setup(HomePageTestClass.java:21)
at testcases.HomePageTestClass.setup(HomePageTestClass.java:21)
at testcases.HomePageTestClass.setup(HomePageTestClass.java:21)
at testcases.HomePageTestClass.setup(HomePageTestClass.java:21)
at testcases.HomePageTestClass.setup(HomePageTestClass.java:21)
at testcases.HomePageTestClass.setup(HomePageTestClass.java:21)
at testcases.HomePageTestClass.setup(HomePageTestClass.java:21)
at testcases.HomePageTestClass.setup(HomePageTestClass.java:21)
at testcases.HomePageTestClass.setup(HomePageTestClass.java:21)
at testcases.HomePageTestClass.setup(HomePageTestClass.java:21)
at testcases.HomePageTestClass.setup(HomePageTestClass.java:21)
at testcases.HomePageTestClass.setup(HomePageTestClass.java:21)
at testcases.HomePageTestClass.setup(HomePageTestClass.java:21)
at testcases.HomePageTestClass.setup(HomePageTestClass.java:21)
at testcases.HomePageTestClass.setup(HomePageTestClass.java:21)
at testcases.HomePageTestClass.setup(HomePageTestClass.java:21)
at testcases.HomePageTestClass.setup(HomePageTestClass.java:21)
at testcases.HomePageTestClass.setup(HomePageTestClass.java:21)
at testcases.HomePageTestClass.setup(HomePageTestClass.java:21)
at testcases.HomePageTestClass.setup(HomePageTestClass.java:21)
at testcases.HomePageTestClass.setup(HomePageTestClass.java:21)
at testcases.HomePageTestClass.setup(HomePageTestClass.java:21)
at testcases.HomePageTestClass.setup(HomePageTestClass.java:21)
at testcases.HomePageTestClass.setup(HomePageTestClass.java:21)
at testcases.HomePageTestClass.setup(HomePageTestClass.java:21)
at testcases.HomePageTestClass.setup(HomePageTestClass.java:21)
at testcases.HomePageTestClass.setup(HomePageTestClass.java:21)
at testcases.HomePageTestClass.setup(HomePageTestClass.java:21)
at testcases.HomePageTestClass.setup(HomePageTestClass.java:21)
at testcases.HomePageTestClass.setup(HomePageTestClass.java:21)
at testcases.HomePageTestClass.setup(HomePageTestClass.java:21)
at testcases.HomePageTestClass.setup(HomePageTestClass.java:21)
at testcases.HomePageTestClass.setup(HomePageTestClass.java:21)
at testcases.HomePageTestClass.setup(HomePageTestClass.java:21)
at testcases.HomePageTestClass.setup(HomePageTestClass.java:21)
at testcases.HomePageTestClass.setup(HomePageTestClass.java:21)
at testcases.HomePageTestClass.setup(HomePageTestClass.java:21)
at testcases.HomePageTestClass.setup(HomePageTestClass.java:21)
at testcases.HomePageTestClass.setup(HomePageTestClass.java:21)
at testcases.HomePageTestClass.setup(HomePageTestClass.java:21)
at testcases.HomePageTestClass.setup(HomePageTestClass.java:21)
at testcases.HomePageTestClass.setup(HomePageTestClass.java:21)
at testcases.HomePageTestClass.setup(HomePageTestClass.java:21)
at testcases.HomePageTestClass.setup(HomePageTestClass.java:21)
at testcases.HomePageTestClass.setup(HomePageTestClass.java:21)
at testcases.HomePageTestClass.setup(HomePageTestClass.java:21)
at testcases.HomePageTestClass.setup(HomePageTestClass.java:21)
at testcases.HomePageTestClass.setup(HomePageTestClass.java:21)
at testcases.HomePageTestClass.setup(HomePageTestClass.java:21)
at testcases.HomePageTestClass.setup(HomePageTestClass.java:21)
at testcases.HomePageTestClass.setup(HomePageTestClass.java:21)
at testcases.HomePageTestClass.setup(HomePageTestClass.java:21)
at testcases.HomePageTestClass.setup(HomePageTestClass.java:21)
at testcases.HomePageTestClass.setup(HomePageTestClass.java:21)
at testcases.HomePageTestClass.setup(HomePageTestClass.java:21)
at testcases.HomePageTestClass.setup(HomePageTestClass.java:21)
at testcases.HomePageTestClass.setup(HomePageTestClass.java:21)
at testcases.HomePageTestClass.setup(HomePageTestClass.java:21)
at testcases.HomePageTestClass.setup(HomePageTestClass.java:21)
at testcases.HomePageTestClass.setup(HomePageTestClass.java:21)
at testcases.HomePageTestClass.setup(HomePageTestClass.java:21)
at testcases.HomePageTestClass.setup(HomePageTestClass.java:21)
at testcases.HomePageTestClass.setup(HomePageTestClass.java:21)
at testcases.HomePageTestClass.setup(HomePageTestClass.java:21)
at testcases.HomePageTestClass.setup(HomePageTestClass.java:21)
at testcases.HomePageTestClass.setup(HomePageTestClass.java:21)
at testcases.HomePageTestClass.setup(HomePageTestClass.java:21)
at testcases.HomePageTestClass.setup(HomePageTestClass.java:21)
at testcases.HomePageTestClass.setup(HomePageTestClass.java:21)
at testcases.HomePageTestClass.setup(HomePageTestClass.java:21)
at testcases.HomePageTestClass.setup(HomePageTestClass.java:21)
at testcases.HomePageTestClass.setup(HomePageTestClass.java:21)
at testcases.HomePageTestClass.setup(HomePageTestClass.java:21)
at testcases.HomePageTestClass.setup(HomePageTestClass.java:21)
at testcases.HomePageTestClass.setup(HomePageTestClass.java:21)
at testcases.HomePageTestClass.setup(HomePageTestClass.java:21)
at testcases.HomePageTestClass.setup(HomePageTestClass.java:21)
at testcases.HomePageTestClass.setup(HomePageTestClass.java:21)
at testcases.HomePageTestClass.setup(HomePageTestClass.java:21)
at testcases.HomePageTestClass.setup(HomePageTestClass.java:21)
at testcases.HomePageTestClass.setup(HomePageTestClass.java:21)
at testcases.HomePageTestClass.setup(HomePageTestClass.java:21)
at testcases.HomePageTestClass.setup(HomePageTestClass.java:21)
at testcases.HomePageTestClass.setup(HomePageTestClass.java:21)
at testcases.HomePageTestClass.setup(HomePageTestClass.java:21)
at testcases.HomePageTestClass.setup(HomePageTestClass.java:21)
at testcases.HomePageTestClass.setup(HomePageTestClass.java:21)
at testcases.HomePageTestClass.setup(HomePageTestClass.java:21)
at testcases.HomePageTestClass.setup(HomePageTestClass.java:21)
at testcases.HomePageTestClass.setup(HomePageTestClass.java:21)
at testcases.HomePageTestClass.setup(HomePageTestClass.java:21)
at testcases.HomePageTestClass.setup(HomePageTestClass.java:21)
at testcases.HomePageTestClass.setup(HomePageTestClass.java:21)
at testcases.HomePageTestClass.setup(HomePageTestClass.java:21)
at testcases.HomePageTestClass.setup(HomePageTestClass.java:21)
at testcases.HomePageTestClass.setup(HomePageTestClass.java:21)
at testcases.HomePageTestClass.setup(HomePageTestClass.java:21)
at testcases.HomePageTestClass.setup(HomePageTestClass.java:21)
at testcases.HomePageTestClass.setup(HomePageTestClass.java:21)
at testcases.HomePageTestClass.setup(HomePageTestClass.java:21)
at testcases.HomePageTestClass.setup(HomePageTestClass.java:21)
at testcases.HomePageTestClass.setup(HomePageTestClass.java:21)
at testcases.HomePageTestClass.setup(HomePageTestClass.java:21)
at testcases.HomePageTestClass.setup(HomePageTestClass.java:21)
at testcases.HomePageTestClass.setup(HomePageTestClass.java:21)
at testcases.HomePageTestClass.setup(HomePageTestClass.java:21)
at testcases.HomePageTestClass.setup(HomePageTestClass.java:21)
at testcases.HomePageTestClass.setup(HomePageTestClass.java:21)
at testcases.HomePageTestClass.setup(HomePageTestClass.java:21)
at testcases.HomePageTestClass.setup(HomePageTestClass.java:21)
at testcases.HomePageTestClass.setup(HomePageTestClass.java:21)
at testcases.HomePageTestClass.setup(HomePageTestClass.java:21)
at testcases.HomePageTestClass.setup(HomePageTestClass.java:21)
at testcases.HomePageTestClass.setup(HomePageTestClass.java:21)
at testcases.HomePageTestClass.setup(HomePageTestClass.java:21)
at testcases.HomePageTestClass.setup(HomePageTestClass.java:21)
at testcases.HomePageTestClass.setup(HomePageTestClass.java:21)
at testcases.HomePageTestClass.setup(HomePageTestClass.java:21)
at testcases.HomePageTestClass.setup(HomePageTestClass.java:21)
at testcases.HomePageTestClass.setup(HomePageTestClass.java:21)
at testcases.HomePageTestClass.setup(HomePageTestClass.java:21)
at testcases.HomePageTestClass.setup(HomePageTestClass.java:21)
at testcases.HomePageTestClass.setup(HomePageTestClass.java:21)
at testcases.HomePageTestClass.setup(HomePageTestClass.java:21)
at testcases.HomePageTestClass.setup(HomePageTestClass.java:21)
at testcases.HomePageTestClass.setup(HomePageTestClass.java:21)
at testcases.HomePageTestClass.setup(HomePageTestClass.java:21)
at testcases.HomePageTestClass.setup(HomePageTestClass.java:21)
at testcases.HomePageTestClass.setup(HomePageTestClass.java:21)
at testcases.HomePageTestClass.setup(HomePageTestClass.java:21)
at testcases.HomePageTestClass.setup(HomePageTestClass.java:21)
at testcases.HomePageTestClass.setup(HomePageTestClass.java:21)
at testcases.HomePageTestClass.setup(HomePageTestClass.java:21)
at testcases.HomePageTestClass.setup(HomePageTestClass.java:21)
at testcases.HomePageTestClass.setup(HomePageTestClass.java:21)
at testcases.HomePageTestClass.setup(HomePageTestClass.java:21)
at testcases.HomePageTestClass.setup(HomePageTestClass.java:21)
at testcases.HomePageTestClass.setup(HomePageTestClass.java:21)
at testcases.HomePageTestClass.setup(HomePageTestClass.java:21)
at testcases.HomePageTestClass.setup(HomePageTestClass.java:21)
at testcases.HomePageTestClass.setup(HomePageTestClass.java:21)
at testcases.HomePageTestClass.setup(HomePageTestClass.java:21)
at testcases.HomePageTestClass.setup(HomePageTestClass.java:21)
at testcases.HomePageTestClass.setup(HomePageTestClass.java:21)
at testcases.HomePageTestClass.setup(HomePageTestClass.java:21)
at testcases.HomePageTestClass.setup(HomePageTestClass.java:21)
]]>
    </error>
  </testcase> <!-- setup -->
  <system-out/>
</testsuite> <!-- testcases.HomePageTestClass -->
