<?xml version="1.0" encoding="UTF-8"?>
<!-- Generated by org.testng.reporters.JUnitReportReporter -->
<testsuite skipped="0" hostname="DESKTOP-8SUO2MV" name="testcases.FindSoftwareMenuPage" tests="5" failures="0" timestamp="2023-05-31T16:30:42 IST" time="83.951" errors="0">
  <testcase name="verifysoftwareMenuTest" time="12.342" classname="testcases.FindSoftwareMenuPage"/>
  <system-out/>
  <testcase name="verifySoftwarePageTitleTest" time="9.663" classname="testcases.FindSoftwareMenuPage"/>
  <system-out/>
  <testcase name="verifySORTBySoftwareTest" time="15.558" classname="testcases.FindSoftwareMenuPage"/>
  <system-out/>
  <testcase name="verifySoftCategoryPaginationTest" time="22.504" classname="testcases.FindSoftwareMenuPage"/>
  <system-out/>
  <testcase name="verifySoftwareRelatedCategoryTest" time="23.884" classname="testcases.FindSoftwareMenuPage"/>
  <system-out/>
</testsuite> <!-- testcases.FindSoftwareMenuPage -->
