<?xml version="1.0" encoding="UTF-8"?>
<!-- Generated by org.testng.reporters.JUnitReportReporter -->
<testsuite skipped="1" hostname="DESKTOP-8SUO2MV" name="testcases.BrokenLinksPageTest" tests="2" failures="0" timestamp="2023-07-28T16:13:16 IST" time="114.789" errors="0">
  <testcase name="Verify_BrokenLinks" time="114.789" classname="testcases.BrokenLinksPageTest"/>
  <system-out/>
  <testcase name="verify_brokenlinks1" classname="testcases.BrokenLinksPageTest">
    <skipped/>
  </testcase> <!-- verify_brokenlinks1 -->
  <system-out/>
</testsuite> <!-- testcases.BrokenLinksPageTest -->
