<?xml version="1.0" encoding="UTF-8"?>
<!-- Generated by org.testng.reporters.JUnitReportReporter -->
<testsuite skipped="0" hostname="DESKTOP-8SUO2MV" name="testcases.BlogPageTest" tests="1" failures="0" timestamp="2023-08-23T14:03:57 IST" time="4.387" errors="0">
  <testcase name="verify_BlogPage" time="4.387" classname="testcases.BlogPageTest"/>
  <system-out/>
</testsuite> <!-- testcases.BlogPageTest -->
