<?xml version="1.0" encoding="UTF-8"?>
<!-- Generated by org.testng.reporters.JUnitReportReporter -->
<testsuite skipped="0" hostname="DESKTOP-8SUO2MV" name="testcases.ServiceMenuPageTest" tests="1" failures="0" timestamp="2023-08-23T14:03:57 IST" time="7.060" errors="0">
  <testcase name="verify_servicemenu" time="7.060" classname="testcases.ServiceMenuPageTest"/>
  <system-out/>
</testsuite> <!-- testcases.ServiceMenuPageTest -->
