<?xml version="1.0" encoding="UTF-8"?>
<!-- Generated by org.testng.reporters.JUnitReportReporter -->
<testsuite skipped="0" hostname="DESKTOP-8SUO2MV" name="testcases.FindSoftwareCategoryPageTest" tests="12" failures="0" timestamp="2023-08-23T14:03:57 IST" time="352.214" errors="0">
  <testcase name="verify_FindSoftwareMenuTest" time="12.334" classname="testcases.FindSoftwareCategoryPageTest"/>
  <system-out/>
  <testcase name="validate_SoftwarePageTitleTest" time="7.181" classname="testcases.FindSoftwareCategoryPageTest"/>
  <system-out/>
  <testcase name="verify_SORTBy_SoftwareTest" time="13.091" classname="testcases.FindSoftwareCategoryPageTest"/>
  <system-out/>
  <testcase name="verify_SoftwareCategory_PaginationTest" time="19.998" classname="testcases.FindSoftwareCategoryPageTest"/>
  <system-out/>
  <testcase name="verify_SoftwareRelatedCategoryTest" time="25.724" classname="testcases.FindSoftwareCategoryPageTest"/>
  <system-out/>
  <testcase name="verify_FindSoftwareByFilter" time="121.237" classname="testcases.FindSoftwareCategoryPageTest"/>
  <system-out/>
  <testcase name="verify_FilterByPopularFeaturescheck" time="13.792" classname="testcases.FindSoftwareCategoryPageTest"/>
  <system-out/>
  <testcase name="verify_FilterByPriceModelSelection" time="25.223" classname="testcases.FindSoftwareCategoryPageTest"/>
  <system-out/>
  <testcase name="verify_FilterByDevicesupportselection" time="30.337" classname="testcases.FindSoftwareCategoryPageTest"/>
  <system-out/>
  <testcase name="verify_FilterByDeploymentselection" time="43.270" classname="testcases.FindSoftwareCategoryPageTest"/>
  <system-out/>
  <testcase name="verify_FilterByTargetcompanysizeselection" time="30.205" classname="testcases.FindSoftwareCategoryPageTest"/>
  <system-out/>
  <testcase name="verify_FilterByExtra_selectCheckbox" time="9.822" classname="testcases.FindSoftwareCategoryPageTest"/>
  <system-out/>
</testsuite> <!-- testcases.FindSoftwareCategoryPageTest -->
