<?xml version="1.0" encoding="UTF-8"?>
<!-- Generated by org.testng.reporters.JUnitReportReporter -->
<testsuite skipped="0" hostname="DESKTOP-8SUO2MV" name="testcases.FindSoftwreMenuPage" tests="1" failures="0" timestamp="2023-05-31T13:34:50 IST" time="10.052" errors="0">
  <testcase name="verifysoftwareTest" time="10.052" classname="testcases.FindSoftwreMenuPage"/>
  <system-out/>
</testsuite> <!-- testcases.FindSoftwreMenuPage -->
