<?xml version="1.0" encoding="UTF-8"?>
<!-- Generated by org.testng.reporters.JUnitReportReporter -->
<testsuite skipped="0" hostname="DESKTOP-8SUO2MV" name="testcases.TestingClass" tests="1" failures="0" timestamp="2023-08-23T15:42:53 IST" time="12.552" errors="0">
  <testcase name="verify_google" time="12.552" classname="testcases.TestingClass"/>
  <system-out/>
</testsuite> <!-- testcases.TestingClass -->
