<?xml version="1.0" encoding="UTF-8"?>
<!-- Generated by org.testng.reporters.JUnitReportReporter -->
<testsuite skipped="1" hostname="DESKTOP-8SUO2MV" name="practice.AuthenticatepopUp" tests="2" failures="0" timestamp="2023-07-31T16:15:05 IST" time="33.091" errors="0">
  <testcase name="HandleFileUploadPopup" time="33.091" classname="practice.AuthenticatepopUp"/>
  <system-out/>
  <testcase name="popup" classname="practice.AuthenticatepopUp">
    <skipped/>
  </testcase> <!-- popup -->
  <system-out/>
</testsuite> <!-- practice.AuthenticatepopUp -->
