<?xml version="1.0" encoding="UTF-8"?>
<!-- Generated by org.testng.reporters.JUnitReportReporter -->
<testsuite skipped="14" hostname="DESKTOP-8SUO2MV" name="testcases.TopSearchPageTest" tests="15" failures="0" timestamp="2023-08-23T14:03:57 IST" time="31.536" errors="0">
  <testcase name="verify_validateSearchBymultilingualService_Lanaguage" time="31.536" classname="testcases.TopSearchPageTest"/>
  <system-out/>
  <testcase name="verify_searchIconPresent" classname="testcases.TopSearchPageTest">
    <skipped/>
  </testcase> <!-- verify_searchIconPresent -->
  <system-out/>
  <testcase name="verify_InsightReaserchTest" classname="testcases.TopSearchPageTest">
    <skipped/>
  </testcase> <!-- verify_InsightReaserchTest -->
  <system-out/>
  <testcase name="verify_validateBlogSearchByViewAllResultTest" classname="testcases.TopSearchPageTest">
    <skipped/>
  </testcase> <!-- verify_validateBlogSearchByViewAllResultTest -->
  <system-out/>
  <testcase name="verify_BlankTopSearch" classname="testcases.TopSearchPageTest">
    <skipped/>
  </testcase> <!-- verify_BlankTopSearch -->
  <system-out/>
  <testcase name="verify_cursorEnabledinsearchbox" classname="testcases.TopSearchPageTest">
    <skipped/>
  </testcase> <!-- verify_cursorEnabledinsearchbox -->
  <system-out/>
  <testcase name="verify_NoResultFoundSerchPopup" classname="testcases.TopSearchPageTest">
    <skipped/>
  </testcase> <!-- verify_NoResultFoundSerchPopup -->
  <system-out/>
  <testcase name="verify_LoaderdisplaySearch" classname="testcases.TopSearchPageTest">
    <skipped/>
  </testcase> <!-- verify_LoaderdisplaySearch -->
  <system-out/>
  <testcase name="verify_NegativeTcs" classname="testcases.TopSearchPageTest">
    <skipped/>
  </testcase> <!-- verify_NegativeTcs -->
  <system-out/>
  <testcase name="verify_validateSearchBoxonTop" classname="testcases.TopSearchPageTest">
    <skipped/>
  </testcase> <!-- verify_validateSearchBoxonTop -->
  <system-out/>
  <testcase name="verify_validateBlogSearch" classname="testcases.TopSearchPageTest">
    <skipped/>
  </testcase> <!-- verify_validateBlogSearch -->
  <system-out/>
  <testcase name="verify_TopSearch" classname="testcases.TopSearchPageTest">
    <skipped/>
  </testcase> <!-- verify_TopSearch -->
  <system-out/>
  <testcase name="verify_valiateskipsearch" classname="testcases.TopSearchPageTest">
    <skipped/>
  </testcase> <!-- verify_valiateskipsearch -->
  <system-out/>
  <testcase name="verify_validateSuggessionSearch" classname="testcases.TopSearchPageTest">
    <skipped/>
  </testcase> <!-- verify_validateSuggessionSearch -->
  <system-out/>
  <testcase name="verify_InvalidTopSearch" classname="testcases.TopSearchPageTest">
    <skipped/>
  </testcase> <!-- verify_InvalidTopSearch -->
  <system-out/>
</testsuite> <!-- testcases.TopSearchPageTest -->
