<?xml version="1.0" encoding="UTF-8"?>
<!-- Generated by org.testng.reporters.JUnitReportReporter -->
<testsuite skipped="0" hostname="DESKTOP-8SUO2MV" name="testcases.VerifyFooterLinksclickTest" tests="2" failures="0" timestamp="2023-07-19T17:58:00 IST" time="36.358" errors="0">
  <testcase name="verify_copyrightTest" time="4.185" classname="testcases.VerifyFooterLinksclickTest"/>
  <system-out/>
  <testcase name="footerlinks_aboutTest" time="32.173" classname="testcases.VerifyFooterLinksclickTest"/>
  <system-out/>
</testsuite> <!-- testcases.VerifyFooterLinksclickTest -->
