<?xml version="1.0" encoding="UTF-8"?>
<!-- Generated by org.testng.reporters.JUnitReportReporter -->
<testsuite skipped="0" hostname="DESKTOP-8SUO2MV" name="testcases.IndexPageTest" tests="2" failures="0" timestamp="2023-07-19T17:47:36 IST" time="17.375" errors="0">
  <testcase name="verify_GoodfirmsImageTest" time="6.425" classname="testcases.IndexPageTest"/>
  <system-out/>
  <testcase name="verify_IndexPageTitleTest" time="10.950" classname="testcases.IndexPageTest"/>
  <system-out/>
</testsuite> <!-- testcases.IndexPageTest -->
