<?xml version="1.0" encoding="UTF-8"?>
<!-- Generated by org.testng.reporters.JUnitReportReporter -->
<testsuite skipped="0" hostname="DESKTOP-8SUO2MV" name="testcases.LoginPageTest" tests="6" failures="0" timestamp="2023-08-23T14:03:57 IST" time="47.136" errors="0">
  <testcase name="verify_ValidloginTest" time="10.508" classname="testcases.LoginPageTest"/>
  <system-out/>
  <testcase name="Verify_goodfirmsImageTest" time="4.399" classname="testcases.LoginPageTest"/>
  <system-out/>
  <testcase name="verify_ValidSigninClickTest" time="4.675" classname="testcases.LoginPageTest"/>
  <system-out/>
  <testcase name="Verify_loginPageTitleTest" time="3.773" classname="testcases.LoginPageTest"/>
  <system-out/>
  <testcase name="verify_BlankCheckTest" time="11.996" classname="testcases.LoginPageTest"/>
  <system-out/>
  <testcase name="Verify_InvalidloginTest" time="11.785" classname="testcases.LoginPageTest"/>
  <system-out/>
</testsuite> <!-- testcases.LoginPageTest -->
