<?xml version="1.0" encoding="UTF-8"?>
<!-- Generated by org.testng.reporters.JUnitReportReporter -->
<testsuite skipped="0" hostname="DESKTOP-8SUO2MV" name="testcases.BlogPageTest" tests="1" failures="0" timestamp="2023-07-19T17:58:00 IST" time="5.390" errors="0">
  <testcase name="verify_BlogPage" time="5.390" classname="testcases.BlogPageTest"/>
  <system-out/>
</testsuite> <!-- testcases.BlogPageTest -->
