<?xml version="1.0" encoding="UTF-8"?>
<!-- Generated by org.testng.reporters.JUnitReportReporter -->
<testsuite skipped="0" hostname="DESKTOP-8SUO2MV" name="testcases.VerifyFooterLinksclick" tests="2" failures="0" timestamp="2023-07-17T15:29:16 IST" time="37.729" errors="0">
  <testcase name="verify_copyrightTest" time="5.596" classname="testcases.VerifyFooterLinksclick"/>
  <system-out/>
  <testcase name="footerlinks_aboutTest" time="32.133" classname="testcases.VerifyFooterLinksclick"/>
  <system-out/>
</testsuite> <!-- testcases.VerifyFooterLinksclick -->
