<?xml version="1.0" encoding="UTF-8"?>
<!-- Generated by org.testng.reporters.JUnitReportReporter -->
<testsuite skipped="0" hostname="DESKTOP-8SUO2MV" name="testcases.IndexPageTestNew" tests="2" failures="0" timestamp="2023-07-03T14:27:21 IST" time="9.553" errors="0">
  <testcase name="verifyGoodfirmsImageTest" time="5.734" classname="testcases.IndexPageTestNew"/>
  <system-out/>
  <testcase name="verify_IndexpageTitle" time="3.819" classname="testcases.IndexPageTestNew"/>
  <system-out/>
</testsuite> <!-- testcases.IndexPageTestNew -->
