<?xml version="1.0" encoding="UTF-8"?>
<!-- Generated by org.testng.reporters.JUnitReportReporter -->
<testsuite skipped="0" hostname="DESKTOP-8SUO2MV" name="testcases.ServiceMenuTest" tests="1" failures="0" timestamp="2023-05-25T10:07:27 IST" time="8.566" errors="0">
  <testcase name="verify_servicemenu" time="8.566" classname="testcases.ServiceMenuTest"/>
  <system-out/>
</testsuite> <!-- testcases.ServiceMenuTest -->
