<?xml version="1.0" encoding="UTF-8"?>
<!-- Generated by org.testng.reporters.JUnitReportReporter -->
<testsuite skipped="0" hostname="DESKTOP-8SUO2MV" name="testcases.FindSoftwareCategoryPage" tests="12" failures="0" timestamp="2023-07-19T17:58:00 IST" time="325.196" errors="0">
  <testcase name="verify_FindSoftwareMenuTest" time="10.890" classname="testcases.FindSoftwareCategoryPage"/>
  <system-out/>
  <testcase name="validate_SoftwarePageTitleTest" time="5.193" classname="testcases.FindSoftwareCategoryPage"/>
  <system-out/>
  <testcase name="verify_SORTBy_SoftwareTest" time="12.298" classname="testcases.FindSoftwareCategoryPage"/>
  <system-out/>
  <testcase name="verify_SoftwareCategory_PaginationTest" time="19.649" classname="testcases.FindSoftwareCategoryPage"/>
  <system-out/>
  <testcase name="verify_SoftwareRelatedCategoryTest" time="24.335" classname="testcases.FindSoftwareCategoryPage"/>
  <system-out/>
  <testcase name="verify_FindSoftwareByFilter" time="117.642" classname="testcases.FindSoftwareCategoryPage"/>
  <system-out/>
  <testcase name="verify_FilterByPopularFeaturescheck" time="9.011" classname="testcases.FindSoftwareCategoryPage"/>
  <system-out/>
  <testcase name="verify_FilterByPriceModelSelection" time="23.155" classname="testcases.FindSoftwareCategoryPage"/>
  <system-out/>
  <testcase name="verify_FilterByDevicesupportselection" time="29.946" classname="testcases.FindSoftwareCategoryPage"/>
  <system-out/>
  <testcase name="verify_FilterByDeploymentselection" time="34.588" classname="testcases.FindSoftwareCategoryPage"/>
  <system-out/>
  <testcase name="verify_FilterByTargetcompanysizeselection" time="29.689" classname="testcases.FindSoftwareCategoryPage"/>
  <system-out/>
  <testcase name="verify_FilterByExtra_selectCheckbox" time="8.800" classname="testcases.FindSoftwareCategoryPage"/>
  <system-out/>
</testsuite> <!-- testcases.FindSoftwareCategoryPage -->
