<?xml version="1.0" encoding="UTF-8"?>
<!-- Generated by org.testng.reporters.JUnitReportReporter -->
<testsuite skipped="0" hostname="DESKTOP-8SUO2MV" name="testcases.TestingClass" tests="1" failures="0" timestamp="2023-07-25T12:28:36 IST" time="7.335" errors="0">
  <testcase name="verify_google" time="7.335" classname="testcases.TestingClass"/>
  <system-out/>
</testsuite> <!-- testcases.TestingClass -->
