<?xml version="1.0" encoding="UTF-8"?>
<!-- Generated by org.testng.reporters.JUnitReportReporter -->
<testsuite skipped="0" hostname="DESKTOP-8SUO2MV" name="practicetest.ReverseString" tests="2" failures="0" timestamp="2023-08-21T14:58:32 IST" time="9.575" errors="0">
  <testcase name="String_Reverse" time="0.009" classname="practicetest.ReverseString"/>
  <system-out/>
  <testcase name="reverseString" time="9.566" classname="practicetest.ReverseString"/>
  <system-out/>
</testsuite> <!-- practicetest.ReverseString -->
