<?xml version="1.0" encoding="UTF-8"?>
<!-- Generated by org.testng.reporters.JUnitReportReporter -->
<testsuite skipped="1" hostname="DESKTOP-8SUO2MV" name="testcases.ViewVendorPortfolioListTest" tests="2" failures="0" timestamp="2023-08-23T14:03:57 IST" time="11.736" errors="0">
  <testcase name="Verify_Listofportfolio" time="11.736" classname="testcases.ViewVendorPortfolioListTest"/>
  <system-out/>
  <testcase name="Verify_Listofportfolioskip" classname="testcases.ViewVendorPortfolioListTest">
    <skipped/>
  </testcase> <!-- Verify_Listofportfolioskip -->
  <system-out/>
</testsuite> <!-- testcases.ViewVendorPortfolioListTest -->
