<?xml version="1.0" encoding="UTF-8"?>
<!-- Generated by org.testng.reporters.JUnitReportReporter -->
<testsuite skipped="0" hostname="DESKTOP-8SUO2MV" name="testcases.ServiceMenuPageTestNew" tests="4" failures="0" timestamp="2023-07-20T15:21:22 IST" time="22.986" errors="0">
  <testcase name="verify" time="3.773" classname="testcases.ServiceMenuPageTestNew"/>
  <system-out/>
  <testcase name="verify_Servicelisting" time="4.990" classname="testcases.ServiceMenuPageTestNew"/>
  <system-out/>
  <testcase name="verify_servicemenu" time="8.094" classname="testcases.ServiceMenuPageTestNew"/>
  <system-out/>
  <testcase name="verify_google" time="6.129" classname="testcases.ServiceMenuPageTestNew"/>
  <system-out/>
</testsuite> <!-- testcases.ServiceMenuPageTestNew -->
