<?xml version="1.0" encoding="UTF-8"?>
<!-- Generated by org.testng.reporters.JUnitReportReporter -->
<testsuite skipped="1" hostname="DESKTOP-8SUO2MV" name="practice.DragandDropselenium" tests="3" failures="0" timestamp="2023-07-31T17:45:39 IST" time="13.499" errors="0">
  <testcase name="implicitewaittest" time="7.438" classname="practice.DragandDropselenium"/>
  <system-out/>
  <testcase name="dragdown" time="6.061" classname="practice.DragandDropselenium"/>
  <system-out/>
  <testcase name="test" classname="practice.DragandDropselenium">
    <skipped/>
  </testcase> <!-- test -->
  <system-out/>
</testsuite> <!-- practice.DragandDropselenium -->
