<?xml version="1.0" encoding="UTF-8"?>
<!-- Generated by org.testng.reporters.JUnitReportReporter -->
<testsuite skipped="0" hostname="DESKTOP-8SUO2MV" name="testcases.VerifyFooterLinksclickTest" tests="2" failures="0" timestamp="2023-08-23T14:03:57 IST" time="35.682" errors="0">
  <testcase name="verify_copyrightTest" time="4.513" classname="testcases.VerifyFooterLinksclickTest"/>
  <system-out/>
  <testcase name="footerlinks_aboutTest" time="31.169" classname="testcases.VerifyFooterLinksclickTest"/>
  <system-out/>
</testsuite> <!-- testcases.VerifyFooterLinksclickTest -->
